[2014-11-18 21:44:50] START
[2014-11-18 23:00:39] EDIT DropboxAndSharing/views/default/listComment.html: 0
[2014-11-18 23:01:17] EDIT DropboxAndSharing/views/default/listComment.html: 0
[2014-11-18 23:01:45] EDIT DropboxAndSharing/views/default/listComment.html: 0
[2014-11-18 23:04:24] EDIT DropboxAndSharing/views/default/listComment.html: 0
[2014-11-18 23:05:44] EDIT DropboxAndSharing/views/layout.html: 0
[2014-11-18 23:06:24] EDIT DropboxAndSharing/views/layout.html: 0
[2014-11-18 23:06:47] EDIT DropboxAndSharing/views/layout.html: 0
[2014-11-18 23:10:22] EDIT DropboxAndSharing/views/default/listComment.html: 1
[2014-11-18 23:11:42] EDIT DropboxAndSharing/views/default/listComment.html: 0
[2014-11-18 23:13:38] EDIT DropboxAndSharing/models/db.py: 1
[2014-11-18 23:18:27] EDIT DropboxAndSharing/models/db.py: 0
[2014-11-18 23:20:17] EDIT DropboxAndSharing/models/db.py: 0
[2014-11-18 23:21:10] EDIT DropboxAndSharing/models/db.py: -1
[2014-11-18 23:31:21] EDIT DropboxAndSharing/views/default/listComment.html: 0
[2014-11-18 23:33:35] EDIT DropboxAndSharing/views/default/listComment.html: 0
[2014-11-18 23:43:39] EDIT DropboxAndSharing/models/db.py: 0
[2014-11-18 23:47:18] EDIT DropboxAndSharing/controllers/default.py: 0
[2014-11-18 23:48:11] EDIT DropboxAndSharing/views/default/listComment.html: 0
[2014-11-19 00:00:51] EDIT DropboxAndSharing/models/db.py: 6
[2014-11-19 00:01:14] EDIT DropboxAndSharing/views/default/listComment.html: 0
[2014-11-19 00:02:31] EDIT DropboxAndSharing/models/db.py: 0
[2014-11-19 00:03:01] EDIT DropboxAndSharing/models/db.py: 0
[2014-11-19 00:05:19] EDIT DropboxAndSharing/models/db.py: 0
[2014-11-19 00:06:35] EDIT DropboxAndSharing/views/default/listComment.html: 0
[2014-11-19 00:07:02] EDIT DropboxAndSharing/views/default/listComment.html: 0
[2014-11-19 00:08:24] EDIT DropboxAndSharing/views/default/listComment.html: 0
[2014-11-19 00:10:11] EDIT DropboxAndSharing/models/menu.py: 0
[2014-11-19 00:12:24] EDIT DropboxAndSharing/models/menu.py: 0
[2014-11-19 00:12:32] EDIT DropboxAndSharing/models/menu.py: 0
[2014-11-19 00:17:27] EDIT DropboxAndSharing/models/menu.py: 0
[2014-11-19 00:18:15] EDIT DropboxAndSharing/models/db.py: 0
[2014-11-19 00:21:32] EDIT DropboxAndSharing/controllers/default.py: -364
[2014-11-19 00:24:30] EDIT DropboxAndSharing/controllers/default.py: 3
[2014-11-19 00:29:00] EDIT DropboxAndSharing/views/default/listComment.html: 0
[2014-11-19 00:32:34] EDIT DropboxAndSharing/controllers/default.py: 0
[2014-11-19 00:34:41] EDIT DropboxAndSharing/controllers/default.py: 0
[2014-11-19 00:35:59] EDIT DropboxAndSharing/controllers/default.py: 0
[2014-11-19 00:37:09] EDIT DropboxAndSharing/controllers/default.py: 0
[2014-11-19 00:40:12] EDIT DropboxAndSharing/controllers/default.py: 0
[2014-11-19 00:40:19] EDIT DropboxAndSharing/controllers/default.py: 0
[2014-11-19 00:51:27] EDIT DropboxAndSharing/controllers/default.py: 9
[2014-11-19 00:55:21] EDIT DropboxAndSharing/controllers/default.py: 0
[2014-11-19 00:56:36] EDIT DropboxAndSharing/controllers/default.py: 0
[2014-11-19 00:56:53] EDIT DropboxAndSharing/controllers/default.py: 0
[2014-11-19 00:57:31] EDIT DropboxAndSharing/controllers/default.py: 0
[2014-11-19 00:59:00] EDIT DropboxAndSharing/controllers/default.py: 0
[2014-11-19 00:59:53] EDIT DropboxAndSharing/controllers/default.py: 3
[2014-11-19 01:03:24] EDIT DropboxAndSharing/controllers/default.py: 6
[2014-11-19 01:06:10] EDIT DropboxAndSharing/controllers/default.py: 3
[2014-11-19 01:06:45] EDIT DropboxAndSharing/controllers/default.py: 0
[2014-11-19 01:07:26] EDIT DropboxAndSharing/controllers/default.py: 0
[2014-11-19 01:08:24] EDIT DropboxAndSharing/controllers/default.py: 0
[2014-11-19 01:10:02] EDIT DropboxAndSharing/controllers/default.py: 0
[2014-11-19 01:10:47] EDIT DropboxAndSharing/controllers/default.py: 0
[2014-11-19 01:12:04] EDIT DropboxAndSharing/controllers/default.py: 1
[2014-11-19 01:12:39] EDIT DropboxAndSharing/controllers/default.py: 0
[2014-11-19 01:14:21] EDIT DropboxAndSharing/controllers/default.py: 0
[2014-11-19 01:15:54] EDIT DropboxAndSharing/controllers/default.py: 0
[2014-11-19 01:16:15] EDIT DropboxAndSharing/controllers/default.py: 0
[2014-11-19 01:16:16] EDIT DropboxAndSharing/controllers/default.py: 0
[2014-11-19 01:16:16] EDIT DropboxAndSharing/controllers/default.py: 0
[2014-11-19 01:17:05] EDIT DropboxAndSharing/controllers/default.py: 0
[2014-11-19 01:17:42] EDIT DropboxAndSharing/controllers/default.py: 0
[2014-11-19 01:19:20] EDIT DropboxAndSharing/controllers/default.py: 0
[2014-11-19 01:20:10] EDIT DropboxAndSharing/controllers/default.py: 0
[2014-11-19 01:21:03] EDIT DropboxAndSharing/controllers/default.py: 1
[2014-11-19 01:21:16] EDIT DropboxAndSharing/controllers/default.py: 1
[2014-11-19 01:22:04] EDIT DropboxAndSharing/controllers/default.py: 4
[2014-11-19 01:22:34] EDIT DropboxAndSharing/controllers/default.py: 4
[2014-11-19 01:23:23] EDIT DropboxAndSharing/controllers/default.py: 0
[2014-11-19 14:54:47] EDIT DropboxAndSharing/models/db.py: 0
[2014-11-19 15:14:16] EDIT DropboxAndSharing/models/db.py: 0
[2014-11-19 15:28:46] EDIT DropboxAndSharing/models/db.py: 0
